This file contains any messages produced by compilers while
running configure, to aid debugging if configure makes a mistake.

It was created by configure, which was
generated by GNU Autoconf 2.63.  Invocation command line was

  $ ./configure 

## --------- ##
## Platform. ##
## --------- ##

hostname = bombpersons-laptop
uname -m = i686
uname -r = 2.6.28-15-generic
uname -s = Linux
uname -v = #52-Ubuntu SMP Wed Sep 9 10:49:34 UTC 2009

/usr/bin/uname -p = unknown
/bin/uname -X     = unknown

/bin/arch              = unknown
/usr/bin/arch -k       = unknown
/usr/convex/getsysinfo = unknown
/usr/bin/hostinfo      = unknown
/bin/machine           = unknown
/usr/bin/oslevel       = unknown
/bin/universe          = unknown

PATH: /usr/local/sbin
PATH: /usr/local/bin
PATH: /usr/sbin
PATH: /usr/bin
PATH: /sbin
PATH: /bin
PATH: /usr/games


## ----------- ##
## Core tests. ##
## ----------- ##

configure:2069: checking for a BSD-compatible install
configure:2137: result: /usr/bin/install -c
configure:2148: checking whether build environment is sane
configure:2191: result: yes
configure:2216: checking for a thread-safe mkdir -p
configure:2255: result: /bin/mkdir -p
configure:2268: checking for gawk
configure:2298: result: no
configure:2268: checking for mawk
configure:2284: found /usr/bin/mawk
configure:2295: result: mawk
configure:2306: checking whether make sets $(MAKE)
configure:2328: result: yes
configure:2561: checking for gcc
configure:2577: found /usr/bin/gcc
configure:2588: result: gcc
configure:2820: checking for C compiler version
configure:2828: gcc --version >&5
gcc (Ubuntu 4.3.3-5ubuntu4) 4.3.3
Copyright (C) 2008 Free Software Foundation, Inc.
This is free software; see the source for copying conditions.  There is NO
warranty; not even for MERCHANTABILITY or FITNESS FOR A PARTICULAR PURPOSE.

configure:2832: $? = 0
configure:2839: gcc -v >&5
Using built-in specs.
Target: i486-linux-gnu
Configured with: ../src/configure -v --with-pkgversion='Ubuntu 4.3.3-5ubuntu4' --with-bugurl=file:///usr/share/doc/gcc-4.3/README.Bugs --enable-languages=c,c++,fortran,objc,obj-c++ --prefix=/usr --enable-shared --with-system-zlib --libexecdir=/usr/lib --without-included-gettext --enable-threads=posix --enable-nls --with-gxx-include-dir=/usr/include/c++/4.3 --program-suffix=-4.3 --enable-clocale=gnu --enable-libstdcxx-debug --enable-objc-gc --enable-mpfr --enable-targets=all --with-tune=generic --enable-checking=release --build=i486-linux-gnu --host=i486-linux-gnu --target=i486-linux-gnu
Thread model: posix
gcc version 4.3.3 (Ubuntu 4.3.3-5ubuntu4) 
configure:2843: $? = 0
configure:2850: gcc -V >&5
gcc: '-V' option must have argument
configure:2854: $? = 1
configure:2877: checking for C compiler default output file name
configure:2899: gcc    conftest.c  >&5
configure:2903: $? = 0
configure:2941: result: a.out
configure:2960: checking whether the C compiler works
configure:2970: ./a.out
configure:2974: $? = 0
configure:2993: result: yes
configure:3000: checking whether we are cross compiling
configure:3002: result: no
configure:3005: checking for suffix of executables
configure:3012: gcc -o conftest    conftest.c  >&5
configure:3016: $? = 0
configure:3042: result: 
configure:3048: checking for suffix of object files
configure:3074: gcc -c   conftest.c >&5
configure:3078: $? = 0
configure:3103: result: o
configure:3107: checking whether we are using the GNU C compiler
configure:3136: gcc -c   conftest.c >&5
configure:3143: $? = 0
configure:3160: result: yes
configure:3169: checking whether gcc accepts -g
configure:3199: gcc -c -g  conftest.c >&5
configure:3206: $? = 0
configure:3307: result: yes
configure:3324: checking for gcc option to accept ISO C89
configure:3398: gcc  -c -g -O2  conftest.c >&5
configure:3405: $? = 0
configure:3428: result: none needed
configure:3457: checking for style of include used by make
configure:3485: result: GNU
configure:3510: checking dependency style of gcc
configure:3601: result: gcc3
configure:3674: checking for g++
configure:3690: found /usr/bin/g++
configure:3701: result: g++
configure:3728: checking for C++ compiler version
configure:3736: g++ --version >&5
g++ (Ubuntu 4.3.3-5ubuntu4) 4.3.3
Copyright (C) 2008 Free Software Foundation, Inc.
This is free software; see the source for copying conditions.  There is NO
warranty; not even for MERCHANTABILITY or FITNESS FOR A PARTICULAR PURPOSE.

configure:3740: $? = 0
configure:3747: g++ -v >&5
Using built-in specs.
Target: i486-linux-gnu
Configured with: ../src/configure -v --with-pkgversion='Ubuntu 4.3.3-5ubuntu4' --with-bugurl=file:///usr/share/doc/gcc-4.3/README.Bugs --enable-languages=c,c++,fortran,objc,obj-c++ --prefix=/usr --enable-shared --with-system-zlib --libexecdir=/usr/lib --without-included-gettext --enable-threads=posix --enable-nls --with-gxx-include-dir=/usr/include/c++/4.3 --program-suffix=-4.3 --enable-clocale=gnu --enable-libstdcxx-debug --enable-objc-gc --enable-mpfr --enable-targets=all --with-tune=generic --enable-checking=release --build=i486-linux-gnu --host=i486-linux-gnu --target=i486-linux-gnu
Thread model: posix
gcc version 4.3.3 (Ubuntu 4.3.3-5ubuntu4) 
configure:3751: $? = 0
configure:3758: g++ -V >&5
g++: '-V' option must have argument
configure:3762: $? = 1
configure:3765: checking whether we are using the GNU C++ compiler
configure:3794: g++ -c   conftest.cpp >&5
configure:3801: $? = 0
configure:3818: result: yes
configure:3827: checking whether g++ accepts -g
configure:3857: g++ -c -g  conftest.cpp >&5
configure:3864: $? = 0
configure:3965: result: yes
configure:3990: checking dependency style of g++
configure:4081: result: gcc3
configure:4111: checking for a BSD-compatible install
configure:4179: result: /usr/bin/install -c
configure:4221: checking build system type
configure:4239: result: i686-pc-linux-gnu
configure:4261: checking host system type
configure:4276: result: i686-pc-linux-gnu
configure:4298: checking for a sed that does not truncate output
configure:4364: result: /bin/sed
configure:4382: checking for grep that handles long lines and -e
configure:4442: result: /bin/grep
configure:4447: checking for egrep
configure:4511: result: /bin/grep -E
configure:4516: checking for fgrep
configure:4580: result: /bin/grep -F
configure:4615: checking for ld used by gcc
configure:4682: result: /usr/bin/ld
configure:4691: checking if the linker (/usr/bin/ld) is GNU ld
configure:4706: result: yes
configure:4718: checking for BSD- or MS-compatible name lister (nm)
configure:4767: result: /usr/bin/nm -B
configure:4885: checking the name lister (/usr/bin/nm -B) interface
configure:4892: gcc -c -g -O2  conftest.c >&5
configure:4895: /usr/bin/nm -B "conftest.o"
configure:4898: output
00000000 B some_variable
configure:4905: result: BSD nm
configure:4908: checking whether ln -s works
configure:4912: result: yes
configure:4920: checking the maximum length of command line arguments
configure:5040: result: 1572864
configure:5057: checking whether the shell understands some XSI constructs
configure:5067: result: yes
configure:5071: checking whether the shell understands "+="
configure:5077: result: yes
configure:5112: checking for /usr/bin/ld option to reload object files
configure:5119: result: -r
configure:5188: checking for objdump
configure:5204: found /usr/bin/objdump
configure:5215: result: objdump
configure:5247: checking how to recognize dependent libraries
configure:5443: result: pass_all
configure:5503: checking for ar
configure:5519: found /usr/bin/ar
configure:5530: result: ar
configure:5608: checking for strip
configure:5624: found /usr/bin/strip
configure:5635: result: strip
configure:5707: checking for ranlib
configure:5723: found /usr/bin/ranlib
configure:5734: result: ranlib
configure:5824: checking command to parse /usr/bin/nm -B output from gcc object
configure:5942: gcc -c -g -O2  conftest.c >&5
configure:5945: $? = 0
configure:5949: /usr/bin/nm -B conftest.o \| sed -n -e 's/^.*[	 ]\([ABCDGIRSTW][ABCDGIRSTW]*\)[	 ][	 ]*\([_A-Za-z][_A-Za-z0-9]*\)$/\1 \2 \2/p' \> conftest.nm
configure:5952: $? = 0
configure:6006: gcc -o conftest -g -O2   conftest.c conftstm.o >&5
configure:6009: $? = 0
configure:6047: result: ok
configure:6914: checking how to run the C preprocessor
configure:6954: gcc -E  conftest.c
configure:6961: $? = 0
configure:6992: gcc -E  conftest.c
conftest.c:10:28: error: ac_nonexistent.h: No such file or directory
configure:6999: $? = 1
configure: failed program was:
| /* confdefs.h.  */
| #define PACKAGE_NAME ""
| #define PACKAGE_TARNAME ""
| #define PACKAGE_VERSION ""
| #define PACKAGE_STRING ""
| #define PACKAGE_BUGREPORT ""
| #define PACKAGE "openSpace"
| #define VERSION "0.0.1"
| /* end confdefs.h.  */
| #include <ac_nonexistent.h>
configure:7032: result: gcc -E
configure:7061: gcc -E  conftest.c
configure:7068: $? = 0
configure:7099: gcc -E  conftest.c
conftest.c:10:28: error: ac_nonexistent.h: No such file or directory
configure:7106: $? = 1
configure: failed program was:
| /* confdefs.h.  */
| #define PACKAGE_NAME ""
| #define PACKAGE_TARNAME ""
| #define PACKAGE_VERSION ""
| #define PACKAGE_STRING ""
| #define PACKAGE_BUGREPORT ""
| #define PACKAGE "openSpace"
| #define VERSION "0.0.1"
| /* end confdefs.h.  */
| #include <ac_nonexistent.h>
configure:7146: checking for ANSI C header files
configure:7176: gcc -c -g -O2  conftest.c >&5
configure:7183: $? = 0
configure:7282: gcc -o conftest -g -O2   conftest.c  >&5
configure:7286: $? = 0
configure:7292: ./conftest
configure:7296: $? = 0
configure:7314: result: yes
configure:7338: checking for sys/types.h
configure:7359: gcc -c -g -O2  conftest.c >&5
configure:7366: $? = 0
configure:7383: result: yes
configure:7338: checking for sys/stat.h
configure:7359: gcc -c -g -O2  conftest.c >&5
configure:7366: $? = 0
configure:7383: result: yes
configure:7338: checking for stdlib.h
configure:7359: gcc -c -g -O2  conftest.c >&5
configure:7366: $? = 0
configure:7383: result: yes
configure:7338: checking for string.h
configure:7359: gcc -c -g -O2  conftest.c >&5
configure:7366: $? = 0
configure:7383: result: yes
configure:7338: checking for memory.h
configure:7359: gcc -c -g -O2  conftest.c >&5
configure:7366: $? = 0
configure:7383: result: yes
configure:7338: checking for strings.h
configure:7359: gcc -c -g -O2  conftest.c >&5
configure:7366: $? = 0
configure:7383: result: yes
configure:7338: checking for inttypes.h
configure:7359: gcc -c -g -O2  conftest.c >&5
configure:7366: $? = 0
configure:7383: result: yes
configure:7338: checking for stdint.h
configure:7359: gcc -c -g -O2  conftest.c >&5
configure:7366: $? = 0
configure:7383: result: yes
configure:7338: checking for unistd.h
configure:7359: gcc -c -g -O2  conftest.c >&5
configure:7366: $? = 0
configure:7383: result: yes
configure:7401: checking for dlfcn.h
configure:7422: gcc -c -g -O2  conftest.c >&5
configure:7429: $? = 0
configure:7446: result: yes
configure:7573: checking for C++ compiler version
configure:7581: g++ --version >&5
g++ (Ubuntu 4.3.3-5ubuntu4) 4.3.3
Copyright (C) 2008 Free Software Foundation, Inc.
This is free software; see the source for copying conditions.  There is NO
warranty; not even for MERCHANTABILITY or FITNESS FOR A PARTICULAR PURPOSE.

configure:7585: $? = 0
configure:7592: g++ -v >&5
Using built-in specs.
Target: i486-linux-gnu
Configured with: ../src/configure -v --with-pkgversion='Ubuntu 4.3.3-5ubuntu4' --with-bugurl=file:///usr/share/doc/gcc-4.3/README.Bugs --enable-languages=c,c++,fortran,objc,obj-c++ --prefix=/usr --enable-shared --with-system-zlib --libexecdir=/usr/lib --without-included-gettext --enable-threads=posix --enable-nls --with-gxx-include-dir=/usr/include/c++/4.3 --program-suffix=-4.3 --enable-clocale=gnu --enable-libstdcxx-debug --enable-objc-gc --enable-mpfr --enable-targets=all --with-tune=generic --enable-checking=release --build=i486-linux-gnu --host=i486-linux-gnu --target=i486-linux-gnu
Thread model: posix
gcc version 4.3.3 (Ubuntu 4.3.3-5ubuntu4) 
configure:7596: $? = 0
configure:7603: g++ -V >&5
g++: '-V' option must have argument
configure:7607: $? = 1
configure:7610: checking whether we are using the GNU C++ compiler
configure:7663: result: yes
configure:7672: checking whether g++ accepts -g
configure:7810: result: yes
configure:7835: checking dependency style of g++
configure:7926: result: gcc3
configure:7949: checking how to run the C++ preprocessor
configure:7985: g++ -E  conftest.cpp
configure:7992: $? = 0
configure:8023: g++ -E  conftest.cpp
conftest.cpp:21:28: error: ac_nonexistent.h: No such file or directory
configure:8030: $? = 1
configure: failed program was:
| /* confdefs.h.  */
| #define PACKAGE_NAME ""
| #define PACKAGE_TARNAME ""
| #define PACKAGE_VERSION ""
| #define PACKAGE_STRING ""
| #define PACKAGE_BUGREPORT ""
| #define PACKAGE "openSpace"
| #define VERSION "0.0.1"
| #define STDC_HEADERS 1
| #define HAVE_SYS_TYPES_H 1
| #define HAVE_SYS_STAT_H 1
| #define HAVE_STDLIB_H 1
| #define HAVE_STRING_H 1
| #define HAVE_MEMORY_H 1
| #define HAVE_STRINGS_H 1
| #define HAVE_INTTYPES_H 1
| #define HAVE_STDINT_H 1
| #define HAVE_UNISTD_H 1
| #define HAVE_DLFCN_H 1
| /* end confdefs.h.  */
| #include <ac_nonexistent.h>
configure:8063: result: g++ -E
configure:8092: g++ -E  conftest.cpp
configure:8099: $? = 0
configure:8130: g++ -E  conftest.cpp
conftest.cpp:21:28: error: ac_nonexistent.h: No such file or directory
configure:8137: $? = 1
configure: failed program was:
| /* confdefs.h.  */
| #define PACKAGE_NAME ""
| #define PACKAGE_TARNAME ""
| #define PACKAGE_VERSION ""
| #define PACKAGE_STRING ""
| #define PACKAGE_BUGREPORT ""
| #define PACKAGE "openSpace"
| #define VERSION "0.0.1"
| #define STDC_HEADERS 1
| #define HAVE_SYS_TYPES_H 1
| #define HAVE_SYS_STAT_H 1
| #define HAVE_STDLIB_H 1
| #define HAVE_STRING_H 1
| #define HAVE_MEMORY_H 1
| #define HAVE_STRINGS_H 1
| #define HAVE_INTTYPES_H 1
| #define HAVE_STDINT_H 1
| #define HAVE_UNISTD_H 1
| #define HAVE_DLFCN_H 1
| /* end confdefs.h.  */
| #include <ac_nonexistent.h>
configure:8351: checking for objdir
configure:8366: result: .libs
configure:8658: checking if gcc supports -fno-rtti -fno-exceptions
configure:8676: gcc -c -g -O2  -fno-rtti -fno-exceptions conftest.c >&5
cc1: warning: command line option "-fno-rtti" is valid for C++/ObjC++ but not for C
configure:8680: $? = 0
configure:8693: result: no
configure:8713: checking for gcc option to produce PIC
configure:8985: result: -fPIC -DPIC
configure:8997: checking if gcc PIC flag -fPIC -DPIC works
configure:9015: gcc -c -g -O2  -fPIC -DPIC -DPIC conftest.c >&5
configure:9019: $? = 0
configure:9032: result: yes
configure:9056: checking if gcc static flag -static works
configure:9084: result: yes
configure:9099: checking if gcc supports -c -o file.o
configure:9120: gcc -c -g -O2  -o out/conftest2.o conftest.c >&5
configure:9124: $? = 0
configure:9146: result: yes
configure:9154: checking if gcc supports -c -o file.o
configure:9201: result: yes
configure:9234: checking whether the gcc linker (/usr/bin/ld) supports shared libraries
configure:10309: result: yes
configure:10346: checking whether -lc should be explicitly linked in
configure:10351: gcc -c -g -O2  conftest.c >&5
configure:10354: $? = 0
configure:10369: gcc -shared conftest.o  -v -Wl,-soname -Wl,conftest -o conftest 2\>\&1 \| /bin/grep  -lc  \>/dev/null 2\>\&1
configure:10372: $? = 0
configure:10384: result: no
configure:10548: checking dynamic linker characteristics
configure:10991: gcc -o conftest -g -O2   -Wl,-rpath -Wl,/foo conftest.c  >&5
configure:10998: $? = 0
configure:11243: result: GNU/Linux ld.so
configure:11345: checking how to hardcode library paths into programs
configure:11370: result: immediate
configure:12203: checking whether stripping libraries is possible
configure:12208: result: yes
configure:12243: checking if libtool supports shared libraries
configure:12245: result: yes
configure:12248: checking whether to build shared libraries
configure:12269: result: yes
configure:12272: checking whether to build static libraries
configure:12276: result: yes
configure:12426: checking for ld used by g++
configure:12493: result: /usr/bin/ld
configure:12502: checking if the linker (/usr/bin/ld) is GNU ld
configure:12517: result: yes
configure:12572: checking whether the g++ linker (/usr/bin/ld) supports shared libraries
configure:13547: result: yes
configure:13575: g++ -c -g -O2  conftest.cpp >&5
configure:13578: $? = 0
configure:13760: checking for g++ option to produce PIC
configure:14077: result: -fPIC -DPIC
configure:14086: checking if g++ PIC flag -fPIC -DPIC works
configure:14104: g++ -c -g -O2  -fPIC -DPIC -DPIC conftest.cpp >&5
configure:14108: $? = 0
configure:14121: result: yes
configure:14142: checking if g++ static flag -static works
configure:14170: result: yes
configure:14182: checking if g++ supports -c -o file.o
configure:14203: g++ -c -g -O2  -o out/conftest2.o conftest.cpp >&5
configure:14207: $? = 0
configure:14229: result: yes
configure:14234: checking if g++ supports -c -o file.o
configure:14281: result: yes
configure:14311: checking whether the g++ linker (/usr/bin/ld) supports shared libraries
configure:14340: result: yes
configure:14477: checking dynamic linker characteristics
configure:14868: g++ -o conftest -g -O2   -Wl,-rpath -Wl,/foo conftest.cpp  >&5
configure:14875: $? = 0
configure:15120: result: GNU/Linux ld.so
configure:15171: checking how to hardcode library paths into programs
configure:15196: result: immediate
configure:15387: creating ./config.status

## ---------------------- ##
## Running config.status. ##
## ---------------------- ##

This file was extended by config.status, which was
generated by GNU Autoconf 2.63.  Invocation command line was

  CONFIG_FILES    = 
  CONFIG_HEADERS  = 
  CONFIG_LINKS    = 
  CONFIG_COMMANDS = 
  $ ./config.status 

on bombpersons-laptop

config.status:1045: creating Makefile
config.status:1045: creating src/Makefile
config.status:1045: creating src/lib/Makefile
config.status:1045: creating config.h
config.status:1267: config.h is unchanged
config.status:1319: executing depfiles commands
config.status:1319: executing libtool commands

## ---------------- ##
## Cache variables. ##
## ---------------- ##

ac_cv_build=i686-pc-linux-gnu
ac_cv_c_compiler_gnu=yes
ac_cv_cxx_compiler_gnu=yes
ac_cv_env_CCC_set=
ac_cv_env_CCC_value=
ac_cv_env_CC_set=
ac_cv_env_CC_value=
ac_cv_env_CFLAGS_set=
ac_cv_env_CFLAGS_value=
ac_cv_env_CPPFLAGS_set=
ac_cv_env_CPPFLAGS_value=
ac_cv_env_CPP_set=
ac_cv_env_CPP_value=
ac_cv_env_CXXCPP_set=
ac_cv_env_CXXCPP_value=
ac_cv_env_CXXFLAGS_set=
ac_cv_env_CXXFLAGS_value=
ac_cv_env_CXX_set=
ac_cv_env_CXX_value=
ac_cv_env_LDFLAGS_set=
ac_cv_env_LDFLAGS_value=
ac_cv_env_LIBS_set=
ac_cv_env_LIBS_value=
ac_cv_env_build_alias_set=
ac_cv_env_build_alias_value=
ac_cv_env_host_alias_set=
ac_cv_env_host_alias_value=
ac_cv_env_target_alias_set=
ac_cv_env_target_alias_value=
ac_cv_header_dlfcn_h=yes
ac_cv_header_inttypes_h=yes
ac_cv_header_memory_h=yes
ac_cv_header_stdc=yes
ac_cv_header_stdint_h=yes
ac_cv_header_stdlib_h=yes
ac_cv_header_string_h=yes
ac_cv_header_strings_h=yes
ac_cv_header_sys_stat_h=yes
ac_cv_header_sys_types_h=yes
ac_cv_header_unistd_h=yes
ac_cv_host=i686-pc-linux-gnu
ac_cv_objext=o
ac_cv_path_EGREP='/bin/grep -E'
ac_cv_path_FGREP='/bin/grep -F'
ac_cv_path_GREP=/bin/grep
ac_cv_path_SED=/bin/sed
ac_cv_path_install='/usr/bin/install -c'
ac_cv_path_mkdir=/bin/mkdir
ac_cv_prog_AWK=mawk
ac_cv_prog_CPP='gcc -E'
ac_cv_prog_CXXCPP='g++ -E'
ac_cv_prog_ac_ct_AR=ar
ac_cv_prog_ac_ct_CC=gcc
ac_cv_prog_ac_ct_CXX=g++
ac_cv_prog_ac_ct_OBJDUMP=objdump
ac_cv_prog_ac_ct_RANLIB=ranlib
ac_cv_prog_ac_ct_STRIP=strip
ac_cv_prog_cc_c89=
ac_cv_prog_cc_g=yes
ac_cv_prog_cxx_g=yes
ac_cv_prog_make_make_set=yes
am_cv_CC_dependencies_compiler_type=gcc3
am_cv_CXX_dependencies_compiler_type=gcc3
lt_cv_deplibs_check_method=pass_all
lt_cv_file_magic_cmd='$MAGIC_CMD'
lt_cv_file_magic_test_file=
lt_cv_ld_reload_flag=-r
lt_cv_nm_interface='BSD nm'
lt_cv_objdir=.libs
lt_cv_path_LD=/usr/bin/ld
lt_cv_path_LDCXX=/usr/bin/ld
lt_cv_path_NM='/usr/bin/nm -B'
lt_cv_prog_compiler_c_o=yes
lt_cv_prog_compiler_c_o_CXX=yes
lt_cv_prog_compiler_pic_works=yes
lt_cv_prog_compiler_pic_works_CXX=yes
lt_cv_prog_compiler_rtti_exceptions=no
lt_cv_prog_compiler_static_works=yes
lt_cv_prog_compiler_static_works_CXX=yes
lt_cv_prog_gnu_ld=yes
lt_cv_prog_gnu_ldcxx=yes
lt_cv_sys_global_symbol_pipe='sed -n -e '\''s/^.*[	 ]\([ABCDGIRSTW][ABCDGIRSTW]*\)[	 ][	 ]*\([_A-Za-z][_A-Za-z0-9]*\)$/\1 \2 \2/p'\'''
lt_cv_sys_global_symbol_to_c_name_address='sed -n -e '\''s/^: \([^ ]*\) $/  {\"\1\", (void *) 0},/p'\'' -e '\''s/^[ABCDGIRSTW]* \([^ ]*\) \([^ ]*\)$/  {"\2", (void *) \&\2},/p'\'''
lt_cv_sys_global_symbol_to_c_name_address_lib_prefix='sed -n -e '\''s/^: \([^ ]*\) $/  {\"\1\", (void *) 0},/p'\'' -e '\''s/^[ABCDGIRSTW]* \([^ ]*\) \(lib[^ ]*\)$/  {"\2", (void *) \&\2},/p'\'' -e '\''s/^[ABCDGIRSTW]* \([^ ]*\) \([^ ]*\)$/  {"lib\2", (void *) \&\2},/p'\'''
lt_cv_sys_global_symbol_to_cdecl='sed -n -e '\''s/^T .* \(.*\)$/extern int \1();/p'\'' -e '\''s/^[ABCDGIRSTW]* .* \(.*\)$/extern char \1;/p'\'''
lt_cv_sys_max_cmd_len=1572864

## ----------------- ##
## Output variables. ##
## ----------------- ##

ACLOCAL='${SHELL} /home/bombpersons/source/openSpace/missing --run aclocal-1.10'
AMDEPBACKSLASH='\'
AMDEP_FALSE='#'
AMDEP_TRUE=''
AMTAR='${SHELL} /home/bombpersons/source/openSpace/missing --run tar'
AR='ar'
AUTOCONF='${SHELL} /home/bombpersons/source/openSpace/missing --run autoconf'
AUTOHEADER='${SHELL} /home/bombpersons/source/openSpace/missing --run autoheader'
AUTOMAKE='${SHELL} /home/bombpersons/source/openSpace/missing --run automake-1.10'
AWK='mawk'
CC='gcc'
CCDEPMODE='depmode=gcc3'
CFLAGS='-g -O2'
CPP='gcc -E'
CPPFLAGS=''
CXX='g++'
CXXCPP='g++ -E'
CXXDEPMODE='depmode=gcc3'
CXXFLAGS='-g -O2'
CYGPATH_W='echo'
DEFS='-DHAVE_CONFIG_H'
DEPDIR='.deps'
DSYMUTIL=''
DUMPBIN=''
ECHO_C=''
ECHO_N='-n'
ECHO_T=''
EGREP='/bin/grep -E'
EXEEXT=''
FGREP='/bin/grep -F'
GREP='/bin/grep'
INSTALL_DATA='${INSTALL} -m 644'
INSTALL_PROGRAM='${INSTALL}'
INSTALL_SCRIPT='${INSTALL}'
INSTALL_STRIP_PROGRAM='$(install_sh) -c -s'
LD='/usr/bin/ld'
LDFLAGS=''
LIBOBJS=''
LIBS=''
LIBTOOL='$(SHELL) $(top_builddir)/libtool'
LIPO=''
LN_S='ln -s'
LTLIBOBJS=''
MAKEINFO='${SHELL} /home/bombpersons/source/openSpace/missing --run makeinfo'
MKDIR_P='/bin/mkdir -p'
NM='/usr/bin/nm -B'
NMEDIT=''
OBJDUMP='objdump'
OBJEXT='o'
OTOOL64=''
OTOOL=''
PACKAGE='openSpace'
PACKAGE_BUGREPORT=''
PACKAGE_NAME=''
PACKAGE_STRING=''
PACKAGE_TARNAME=''
PACKAGE_VERSION=''
PATH_SEPARATOR=':'
RANLIB='ranlib'
SED='/bin/sed'
SET_MAKE=''
SHELL='/bin/bash'
STRIP='strip'
VERSION='0.0.1'
ac_ct_CC='gcc'
ac_ct_CXX='g++'
ac_ct_DUMPBIN=''
am__fastdepCC_FALSE='#'
am__fastdepCC_TRUE=''
am__fastdepCXX_FALSE='#'
am__fastdepCXX_TRUE=''
am__include='include'
am__isrc=''
am__leading_dot='.'
am__quote=''
am__tar='${AMTAR} chof - "$$tardir"'
am__untar='${AMTAR} xf -'
bindir='${exec_prefix}/bin'
build='i686-pc-linux-gnu'
build_alias=''
build_cpu='i686'
build_os='linux-gnu'
build_vendor='pc'
datadir='${datarootdir}'
datarootdir='${prefix}/share'
docdir='${datarootdir}/doc/${PACKAGE}'
dvidir='${docdir}'
exec_prefix='${prefix}'
host='i686-pc-linux-gnu'
host_alias=''
host_cpu='i686'
host_os='linux-gnu'
host_vendor='pc'
htmldir='${docdir}'
includedir='${prefix}/include'
infodir='${datarootdir}/info'
install_sh='$(SHELL) /home/bombpersons/source/openSpace/install-sh'
libdir='${exec_prefix}/lib'
libexecdir='${exec_prefix}/libexec'
localedir='${datarootdir}/locale'
localstatedir='${prefix}/var'
lt_ECHO='echo'
mandir='${datarootdir}/man'
mkdir_p='/bin/mkdir -p'
oldincludedir='/usr/include'
pdfdir='${docdir}'
prefix='/usr/local'
program_transform_name='s,x,x,'
psdir='${docdir}'
sbindir='${exec_prefix}/sbin'
sharedstatedir='${prefix}/com'
sysconfdir='${prefix}/etc'
target_alias=''

## ----------- ##
## confdefs.h. ##
## ----------- ##

#define PACKAGE_NAME ""
#define PACKAGE_TARNAME ""
#define PACKAGE_VERSION ""
#define PACKAGE_STRING ""
#define PACKAGE_BUGREPORT ""
#define PACKAGE "openSpace"
#define VERSION "0.0.1"
#define STDC_HEADERS 1
#define HAVE_SYS_TYPES_H 1
#define HAVE_SYS_STAT_H 1
#define HAVE_STDLIB_H 1
#define HAVE_STRING_H 1
#define HAVE_MEMORY_H 1
#define HAVE_STRINGS_H 1
#define HAVE_INTTYPES_H 1
#define HAVE_STDINT_H 1
#define HAVE_UNISTD_H 1
#define HAVE_DLFCN_H 1
#define LT_OBJDIR ".libs/"

configure: exit 0

## ---------------------- ##
## Running config.status. ##
## ---------------------- ##

This file was extended by config.status, which was
generated by GNU Autoconf 2.63.  Invocation command line was

  CONFIG_FILES    = 
  CONFIG_HEADERS  = 
  CONFIG_LINKS    = 
  CONFIG_COMMANDS = 
  $ ./config.status src/lib/Makefile depfiles

on bombpersons-laptop

config.status:1045: creating src/lib/Makefile
config.status:1319: executing depfiles commands
